INFO         | Android emulator version 35.6.11.0 (build_id 13610412) (CL:N/A)
INFO         | Graphics backend: gfxstream
INFO         | Found systemPath /home/alfredo/android-sdk/system-images/android-34/android-tv/x86/
INFO         | Found systemPath /home/alfredo/android-sdk/system-images/android-34/android-tv/x86/
INFO         | Increasing RAM size to 1024MB
INFO         | Guest GLES Driver: Auto (ext controls)
library_mode swiftshader_indirect gpu mode swiftshader_indirect
INFO         | Checking system compatibility:
INFO         |   Checking: hasSufficientDiskSpace
INFO         |      Ok: Disk space requirements to run avd: `tv_emulator_remote` are met
INFO         |   Checking: hasSufficientHwGpu
INFO         |      Ok: Hardware GPU compatibility checks are not required
INFO         |   Checking: hasSufficientSystem
INFO         |      Ok: System requirements to run avd: `tv_emulator_remote` are met
INFO         | Storing crashdata in: /tmp/android-alfredo/emu-crash-35.6.11.db, detection is enabled for process: 599199
INFO         | Initializing hardware OpenGLES emulation support
I0712 17:35:41.066418  599199 opengles.cpp:307] android_startOpenglesRenderer: gpu info
I0712 17:35:41.066469  599199 opengles.cpp:308] 
I0712 17:35:41.066583  599199 FrameBuffer.cpp:199] Not raising nofile soft limit from 524288.
I0712 17:35:41.066636  599199 HealthMonitor.cpp:275] HealthMonitor disabled.
I0712 17:35:41.066648  599199 VulkanDispatch.cpp:66] initIcdPaths: ICD set to 'swiftshader', using Swiftshader ICD
I0712 17:35:41.066684  599199 VulkanDispatch.cpp:43] Setting ICD filenames for the loader = /home/alfredo/android-sdk/emulator/qemu/linux-x86_64/lib64/vulkan/vk_swiftshader_icd.json:/home/alfredo/android-sdk/emulator/lib64/vulkan/vk_swiftshader_icd.json
I0712 17:35:41.066699  599199 SharedLibrary.cpp:64] SharedLibrary::open for [/home/alfredo/android-sdk/emulator/qemu/linux-x86_64/lib64/vulkan/libvulkan.so]
I0712 17:35:41.066703  599199 SharedLibrary.cpp:76] SharedLibrary::open for [/home/alfredo/android-sdk/emulator/qemu/linux-x86_64/lib64/vulkan/libvulkan.so]: not found in map, open for the first time
I0712 17:35:41.066706  599199 SharedLibrary.cpp:186] SharedLibrary::open for [/home/alfredo/android-sdk/emulator/qemu/linux-x86_64/lib64/vulkan/libvulkan.so] (posix): begin
I0712 17:35:41.066711  599199 SharedLibrary.cpp:244] SharedLibrary::open for [/home/alfredo/android-sdk/emulator/qemu/linux-x86_64/lib64/vulkan/libvulkan.so] (posix,linux): call dlopen on [/home/alfredo/android-sdk/emulator/qemu/linux-x86_64/lib64/vulkan/libvulkan.so]
I0712 17:35:41.066727  599199 SharedLibrary.cpp:267] SharedLibrary::open for [/home/alfredo/android-sdk/emulator/qemu/linux-x86_64/lib64/vulkan/libvulkan.so] failed (posix). dlerror: []
I0712 17:35:41.066730  599199 SharedLibrary.cpp:64] SharedLibrary::open for [/home/alfredo/android-sdk/emulator/qemu/linux-x86_64/lib64/vulkan/libvulkan.so.1]
I0712 17:35:41.066733  599199 SharedLibrary.cpp:76] SharedLibrary::open for [/home/alfredo/android-sdk/emulator/qemu/linux-x86_64/lib64/vulkan/libvulkan.so.1]: not found in map, open for the first time
I0712 17:35:41.066736  599199 SharedLibrary.cpp:186] SharedLibrary::open for [/home/alfredo/android-sdk/emulator/qemu/linux-x86_64/lib64/vulkan/libvulkan.so.1] (posix): begin
I0712 17:35:41.066739  599199 SharedLibrary.cpp:244] SharedLibrary::open for [/home/alfredo/android-sdk/emulator/qemu/linux-x86_64/lib64/vulkan/libvulkan.so.1] (posix,linux): call dlopen on [/home/alfredo/android-sdk/emulator/qemu/linux-x86_64/lib64/vulkan/libvulkan.so.1]
I0712 17:35:41.066747  599199 SharedLibrary.cpp:267] SharedLibrary::open for [/home/alfredo/android-sdk/emulator/qemu/linux-x86_64/lib64/vulkan/libvulkan.so.1] failed (posix). dlerror: []
I0712 17:35:41.066751  599199 SharedLibrary.cpp:64] SharedLibrary::open for [/home/alfredo/android-sdk/emulator/lib64/vulkan/libvulkan.so]
I0712 17:35:41.066754  599199 SharedLibrary.cpp:76] SharedLibrary::open for [/home/alfredo/android-sdk/emulator/lib64/vulkan/libvulkan.so]: not found in map, open for the first time
I0712 17:35:41.066756  599199 SharedLibrary.cpp:186] SharedLibrary::open for [/home/alfredo/android-sdk/emulator/lib64/vulkan/libvulkan.so] (posix): begin
I0712 17:35:41.066765  599199 SharedLibrary.cpp:244] SharedLibrary::open for [/home/alfredo/android-sdk/emulator/lib64/vulkan/libvulkan.so] (posix,linux): call dlopen on [/home/alfredo/android-sdk/emulator/lib64/vulkan/libvulkan.so]
I0712 17:35:41.066953  599199 SharedLibrary.cpp:262] SharedLibrary::open succeeded for [/home/alfredo/android-sdk/emulator/lib64/vulkan/libvulkan.so].
I0712 17:35:41.066959  599199 VulkanDispatch.cpp:133] Added library: /home/alfredo/android-sdk/emulator/lib64/vulkan/libvulkan.so
I0712 17:35:41.069303  599199 VkCommonOperations.cpp:1361] Selecting Vulkan device: SwiftShader Device (Subzero), Version: 1.3.0
I0712 17:35:41.084639  599199 VkDecoderGlobalState.cpp:206] Disabling sparse binding feature support
I0712 17:35:41.084674  599199 SharedLibrary.cpp:76] SharedLibrary::open for [libGLESv2.so]: not found in map, open for the first time
I0712 17:35:41.084678  599199 SharedLibrary.cpp:186] SharedLibrary::open for [libGLESv2.so] (posix): begin
I0712 17:35:41.084683  599199 SharedLibrary.cpp:244] SharedLibrary::open for [libGLESv2.so] (posix,linux): call dlopen on [libGLESv2.so]
I0712 17:35:41.085493  599199 SharedLibrary.cpp:262] SharedLibrary::open succeeded for [libGLESv2.so].
I0712 17:35:41.085502  599199 SharedLibrary.cpp:76] SharedLibrary::open for [libEGL.so]: not found in map, open for the first time
I0712 17:35:41.085505  599199 SharedLibrary.cpp:186] SharedLibrary::open for [libEGL.so] (posix): begin
I0712 17:35:41.085507  599199 SharedLibrary.cpp:244] SharedLibrary::open for [libEGL.so] (posix,linux): call dlopen on [libEGL.so]
I0712 17:35:41.085564  599199 SharedLibrary.cpp:262] SharedLibrary::open succeeded for [libEGL.so].
I0712 17:35:41.086472  599199 SharedLibrary.cpp:64] SharedLibrary::open for [libX11]
I0712 17:35:41.086481  599199 SharedLibrary.cpp:76] SharedLibrary::open for [libX11]: not found in map, open for the first time
I0712 17:35:41.086483  599199 SharedLibrary.cpp:186] SharedLibrary::open for [libX11] (posix): begin
I0712 17:35:41.086489  599199 SharedLibrary.cpp:244] SharedLibrary::open for [libX11] (posix,linux): call dlopen on [libX11.so]
I0712 17:35:41.086538  599199 SharedLibrary.cpp:262] SharedLibrary::open succeeded for [libX11].
I0712 17:35:41.093556  599199 VkCommonOperations.cpp:1669] Initializing VkEmulation features:
I0712 17:35:41.093576  599199 VkCommonOperations.cpp:1670]     glInteropSupported: false
I0712 17:35:41.093578  599199 VkCommonOperations.cpp:1671]     useDeferredCommands: true
I0712 17:35:41.093580  599199 VkCommonOperations.cpp:1673]     createResourceWithRequirements: true
I0712 17:35:41.093582  599199 VkCommonOperations.cpp:1675]     useVulkanComposition: false
I0712 17:35:41.093584  599199 VkCommonOperations.cpp:1677]     useVulkanNativeSwapchain: false
I0712 17:35:41.093585  599199 VkCommonOperations.cpp:1678]     enable guestRenderDoc: false
I0712 17:35:41.093587  599199 VkCommonOperations.cpp:1680]     ASTC LDR emulation mode: Gpu
I0712 17:35:41.093589  599199 VkCommonOperations.cpp:1682]     enable ETC2 emulation: true
I0712 17:35:41.093590  599199 VkCommonOperations.cpp:1684]     enable Ycbcr emulation: false
I0712 17:35:41.093592  599199 VkCommonOperations.cpp:1685]     guestVulkanOnly: false
I0712 17:35:41.093593  599199 VkCommonOperations.cpp:1687]     useDedicatedAllocations: false
I0712 17:35:41.094780  599199 FrameBuffer.cpp:460] Graphics Adapter Vendor Google (Google Inc.)
I0712 17:35:41.094792  599199 FrameBuffer.cpp:461] Graphics Adapter Android Emulator OpenGL ES Translator (Google SwiftShader)
I0712 17:35:41.094795  599199 FrameBuffer.cpp:462] Graphics API Version OpenGL ES 3.0 (OpenGL ES 3.0 SwiftShader 4.0.0.1)
I0712 17:35:41.094797  599199 FrameBuffer.cpp:463] Graphics API Extensions GL_OES_EGL_sync GL_OES_EGL_image GL_OES_EGL_image_external GL_OES_depth24 GL_OES_depth32 GL_OES_element_index_uint GL_OES_texture_float GL_OES_texture_float_linear GL_OES_compressed_paletted_texture GL_OES_compressed_ETC1_RGB8_texture GL_OES_depth_texture GL_OES_texture_half_float GL_OES_texture_half_float_linear GL_OES_packed_depth_stencil GL_OES_vertex_half_float GL_OES_standard_derivatives GL_OES_texture_npot GL_OES_rgb8_rgba8 GL_EXT_color_buffer_float GL_EXT_color_buffer_half_float GL_EXT_texture_format_BGRA8888 GL_APPLE_texture_format_BGRA8888 
I0712 17:35:41.094809  599199 FrameBuffer.cpp:464] Graphics Device Extensions N/A
INFO         | Sending adb public key [QAAAAIfqBV7JRDlFxiU/mjVY0CZBrrUi9h3ZgfeZfjxd+0FJfZmO0deO79eBgxDq669SfEAIkqEFnHHqcjt2zrA4O52Xj5Av8k0Wu+d3ChfLg9cMNxUTAjdeqzUSPMjXXw+SlIvfbk1WN9lJhFqpXWMAZJWIHAruwhk6PZ4QNfQkDLdVXaqH4gSi26v7P2j33nLTVQQMSd8X8HydwAouuiPHPFvDCBYazztcI5CryQAZoHrldlYP0wntgrRlY+rMbYqoAyN+mpR4SWp1tVwq2Wx74gyjRlqUaw2frn9QI19ICk3SYlao5gZqdsRvGu0sTjCmmHDpmJiyuGONaOHtP8S5wdPhJACZzreKi/Q/xZX5u3vWOT2lqPty2ftI6/6G20RejkvFI22hITnYeaCNn72q0obGpPg9KpKYJYZbbd8aj+L8W7xSxzcAVMx+x/nJ1T1IVIGustK8UcaxvGEgpoycXaBZYd4GSYuZhqvY2RlAv3gg3Ep4IT+XW8MwB5zaeeWrDws1aChVQmYZ8fFKfD/rfbi0Fe0N+1Cd4FotwotrCNwYtCKNDWz/DBetFfiISdZ8Jnga9tj8+gjZDwnAFkckE6nEJ0Y3p6TZzKTflu28I8bSWGpHzF8PzzSfZpc636YN+mPB4xabEgujv4EmXSaPTlX8YdLvYt5cRajtsfOmLwmj6QYMfAEAAQA= alfredo@unknown]
I0712 17:35:41.101772  599199 userspace-boot-properties.cpp:760] Userspace boot properties:
I0712 17:35:41.101778  599199 userspace-boot-properties.cpp:764]   androidboot.boot_devices=pci0000:00/0000:00:03.0 pci0000:00/0000:00:06.0
I0712 17:35:41.101781  599199 userspace-boot-properties.cpp:764]   androidboot.dalvik.vm.heapsize=256m
I0712 17:35:41.101782  599199 userspace-boot-properties.cpp:764]   androidboot.debug.hwui.renderer=skiagl
I0712 17:35:41.101784  599199 userspace-boot-properties.cpp:764]   androidboot.debug.sf.nobootanimation=1
I0712 17:35:41.101786  599199 userspace-boot-properties.cpp:764]   androidboot.hardware=ranchu
I0712 17:35:41.101787  599199 userspace-boot-properties.cpp:764]   androidboot.hardware.gltransport=pipe
I0712 17:35:41.101789  599199 userspace-boot-properties.cpp:764]   androidboot.hardware.vulkan=ranchu
I0712 17:35:41.101790  599199 userspace-boot-properties.cpp:764]   androidboot.logcat=*:V
I0712 17:35:41.101792  599199 userspace-boot-properties.cpp:764]   androidboot.opengles.version=196608
I0712 17:35:41.101793  599199 userspace-boot-properties.cpp:764]   androidboot.qemu=1
I0712 17:35:41.101795  599199 userspace-boot-properties.cpp:764]   androidboot.qemu.adb.pubkey=QAAAAIfqBV7JRDlFxiU/mjVY0CZBrrUi9h3ZgfeZfjxd+0FJfZmO0deO79eBgxDq669SfEAIkqEFnHHqcjt2zrA4O52Xj5Av8k0Wu+d3ChfLg9cMNxUTAjdeqzUSPMjXXw+SlIvfbk1WN9lJhFqpXWMAZJWIHAruwhk6PZ4QNfQkDLdVXaqH4gSi26v7P2j33nLTVQQMSd8X8HydwAouuiPHPFvDCBYazztcI5CryQAZoHrldlYP0wntgrRlY+rMbYqoAyN+mpR4SWp1tVwq2Wx74gyjRlqUaw2frn9QI19ICk3SYlao5gZqdsRvGu0sTjCmmHDpmJiyuGONaOHtP8S5wdPhJACZzreKi/Q/xZX5u3vWOT2lqPty2ftI6/6G20RejkvFI22hITnYeaCNn72q0obGpPg9KpKYJYZbbd8aj+L8W7xSxzcAVMx+x/nJ1T1IVIGustK8UcaxvGEgpoycXaBZYd4GSYuZhqvY2RlAv3gg3Ep4IT+XW8MwB5zaeeWrDws1aChVQmYZ8fFKfD/rfbi0Fe0N+1Cd4FotwotrCNwYtCKNDWz/DBetFfiISdZ8Jnga9tj8+gjZDwnAFkckE6nEJ0Y3p6TZzKTflu28I8bSWGpHzF8PzzSfZpc636YN+mPB4xabEgujv4EmXSaPTlX8YdLvYt5cRajtsfOmLwmj6QYMfAEAAQA= alfredo@unknown
I0712 17:35:41.101803  599199 userspace-boot-properties.cpp:764]   androidboot.qemu.avd_name=tv_emulator_remote
I0712 17:35:41.101804  599199 userspace-boot-properties.cpp:764]   androidboot.qemu.camera_hq_edge_processing=0
I0712 17:35:41.101806  599199 userspace-boot-properties.cpp:764]   androidboot.qemu.camera_protocol_ver=1
I0712 17:35:41.101807  599199 userspace-boot-properties.cpp:764]   androidboot.qemu.cpuvulkan.version=4202496
I0712 17:35:41.101809  599199 userspace-boot-properties.cpp:764]   androidboot.qemu.gltransport.drawFlushInterval=800
I0712 17:35:41.101811  599199 userspace-boot-properties.cpp:764]   androidboot.qemu.gltransport.name=pipe
I0712 17:35:41.101812  599199 userspace-boot-properties.cpp:764]   androidboot.qemu.hwcodec.avcdec=2
I0712 17:35:41.101814  599199 userspace-boot-properties.cpp:764]   androidboot.qemu.hwcodec.hevcdec=2
I0712 17:35:41.101815  599199 userspace-boot-properties.cpp:764]   androidboot.qemu.hwcodec.vpxdec=2
I0712 17:35:41.101823  599199 userspace-boot-properties.cpp:764]   androidboot.qemu.settings.system.screen_off_timeout=2147483647
I0712 17:35:41.101826  599199 userspace-boot-properties.cpp:764]   androidboot.qemu.virtiowifi=1
I0712 17:35:41.101827  599199 userspace-boot-properties.cpp:764]   androidboot.qemu.vsync=60
I0712 17:35:41.101829  599199 userspace-boot-properties.cpp:764]   androidboot.serialno=EMULATOR35X6X11X0
I0712 17:35:41.101830  599199 userspace-boot-properties.cpp:764]   androidboot.vbmeta.digest=950a5afc43f13c7eacbe3369f4a9a70b670b0e5fb0d1ee88986ecb3282e852cf
I0712 17:35:41.101833  599199 userspace-boot-properties.cpp:764]   androidboot.vbmeta.hash_alg=sha256
I0712 17:35:41.101834  599199 userspace-boot-properties.cpp:764]   androidboot.vbmeta.size=6592
I0712 17:35:41.101836  599199 userspace-boot-properties.cpp:764]   androidboot.veritymode=enforcing
INFO         | Monitoring duration of emulator setup.
WARNING      | The emulator now requires a signed jwt token for gRPC access! Use the -grpc flag if you really want an open unprotected grpc port
INFO         | Using security allow list from: /home/alfredo/android-sdk/emulator/lib/emulator_access.json
WARNING      | *** Basic token auth should only be used by android-studio ***
INFO         | The active JSON Web Key Sets can be found here: /run/user/1000/avd/running/599199/jwks/3e810e45-05ea-43d3-bce1-fa8923c6da67/active.jwk
INFO         | Scanning /run/user/1000/avd/running/599199/jwks/3e810e45-05ea-43d3-bce1-fa8923c6da67 for jwk keys.
INFO         | Started GRPC server at 127.0.0.1:8554, security: Local, auth: +token
INFO         | Advertising in: /run/user/1000/avd/running/pid_599199.ini
I0712 17:35:41.171139  599266 FrameBuffer.cpp:2805] Setting display: 0 configuration to: 320x640, dpi: 160x160 
I0712 17:35:41.171166  599266 FrameBuffer.cpp:2818] setDisplayActiveConfig 0
INFO         | Loading snapshot 'default_boot'...
WARNING      | Client not connected yet. Ignoring message!
WARNING      | Client not connected yet. Ignoring message!
WARNING      | Client not connected yet. Ignoring message!
WARNING      | Unknown XR viewport mode requested: 0, ignored.

WARNING      | Client not connected yet. Ignoring message!
WARNING      | Client not connected yet. Ignoring message!
WARNING      | Client not connected yet. Ignoring message!
WARNING      | Client not connected yet. Ignoring message!
WARNING      | Client not connected yet. Ignoring message!
INFO         | Successfully loaded snapshot 'default_boot'
INFO         | Activated packet streamer for bluetooth emulation
